C:\Users\wanji\Desktop\test\importpython\importpython\x64\Debug\cl.command.1.tlog
C:\Users\wanji\Desktop\test\importpython\importpython\x64\Debug\CL.read.1.tlog
C:\Users\wanji\Desktop\test\importpython\importpython\x64\Debug\CL.write.1.tlog
C:\USERS\WANJI\DESKTOP\TEST\IMPORTPYTHON\IMPORTPYTHON\X64\DEBUG\IMPORTPYTHON.EXE.EMBED.MANIFEST
C:\USERS\WANJI\DESKTOP\TEST\IMPORTPYTHON\IMPORTPYTHON\X64\DEBUG\IMPORTPYTHON.EXE.EMBED.MANIFEST.RES
C:\USERS\WANJI\DESKTOP\TEST\IMPORTPYTHON\IMPORTPYTHON\X64\DEBUG\IMPORTPYTHON.EXE.INTERMEDIATE.MANIFEST
C:\Users\wanji\Desktop\test\importpython\importpython\x64\Debug\importpython.vcxprojResolveAssemblyReference.cache
C:\Users\wanji\Desktop\test\importpython\importpython\x64\Debug\importpython.write.1.tlog
C:\Users\wanji\Desktop\test\importpython\importpython\x64\Debug\importpython_manifest.rc
C:\Users\wanji\Desktop\test\importpython\importpython\x64\Debug\link.10568.read.1.tlog
C:\Users\wanji\Desktop\test\importpython\importpython\x64\Debug\link.10568.write.1.tlog
C:\Users\wanji\Desktop\test\importpython\importpython\x64\Debug\link.10568-cvtres.read.1.tlog
C:\Users\wanji\Desktop\test\importpython\importpython\x64\Debug\link.10568-cvtres.write.1.tlog
C:\Users\wanji\Desktop\test\importpython\importpython\x64\Debug\link.command.1.tlog
C:\Users\wanji\Desktop\test\importpython\importpython\x64\Debug\link.read.1.tlog
C:\Users\wanji\Desktop\test\importpython\importpython\x64\Debug\link.write.1.tlog
C:\Users\wanji\Desktop\test\importpython\importpython\x64\Debug\link-cvtres.read.1.tlog
C:\Users\wanji\Desktop\test\importpython\importpython\x64\Debug\link-cvtres.write.1.tlog
C:\Users\wanji\Desktop\test\importpython\importpython\x64\Debug\mt.command.1.tlog
C:\Users\wanji\Desktop\test\importpython\importpython\x64\Debug\mt.read.1.tlog
C:\Users\wanji\Desktop\test\importpython\importpython\x64\Debug\mt.write.1.tlog
C:\Users\wanji\Desktop\test\importpython\importpython\x64\Debug\rc.command.1.tlog
C:\Users\wanji\Desktop\test\importpython\importpython\x64\Debug\rc.read.1.tlog
C:\Users\wanji\Desktop\test\importpython\importpython\x64\Debug\rc.write.1.tlog
C:\USERS\WANJI\DESKTOP\TEST\IMPORTPYTHON\IMPORTPYTHON\X64\DEBUG\STDAFX.OBJ
C:\USERS\WANJI\DESKTOP\TEST\IMPORTPYTHON\IMPORTPYTHON\X64\DEBUG\TEST.OBJ
C:\Users\wanji\Desktop\test\importpython\importpython\x64\Debug\vc100.idb
C:\USERS\WANJI\DESKTOP\TEST\IMPORTPYTHON\IMPORTPYTHON\X64\DEBUG\VC100.PDB
C:\USERS\WANJI\DESKTOP\TEST\IMPORTPYTHON\X64\DEBUG\IMPORTPYTHON.EXE
C:\USERS\WANJI\DESKTOP\TEST\IMPORTPYTHON\X64\DEBUG\IMPORTPYTHON.ILK
C:\USERS\WANJI\DESKTOP\TEST\IMPORTPYTHON\X64\DEBUG\IMPORTPYTHON.PDB
