生成启动时间为 2018/11/5 14:09:29。
     1>项目“C:\Users\wanji\Desktop\test\importpython\importpython\importpython.vcxproj”在节点 2 上(build 个目标)。
     1>InitializeBuildStatus:
         正在创建“x64\Release\importpython.unsuccessfulbuild”，因为已指定“AlwaysCreate”。
       ClCompile:
         d:\VS2010\VC\bin\x86_amd64\CL.exe /c /ID:\Anaconda3\include /Zi /nologo /W3 /WX- /O2 /Oi /GL /D WIN32 /D NDEBUG /D _CONSOLE /D _MBCS /Gm- /EHsc /MD /GS /Gy /fp:precise /Zc:wchar_t /Zc:forScope /Yc"StdAfx.h" /Fp"x64\Release\importpython.pch" /Fo"x64\Release\\" /Fd"x64\Release\vc100.pdb" /Gd /TP /errorReport:prompt stdafx.cpp
         stdafx.cpp
         d:\VS2010\VC\bin\x86_amd64\CL.exe /c /ID:\Anaconda3\include /Zi /nologo /W3 /WX- /O2 /Oi /GL /D WIN32 /D NDEBUG /D _CONSOLE /D _MBCS /Gm- /EHsc /MD /GS /Gy /fp:precise /Zc:wchar_t /Zc:forScope /Yu"StdAfx.h" /Fp"x64\Release\importpython.pch" /Fo"x64\Release\\" /Fd"x64\Release\vc100.pdb" /Gd /TP /errorReport:prompt test.cpp
         test.cpp
       Link:
         d:\VS2010\VC\bin\x86_amd64\link.exe /ERRORREPORT:PROMPT /OUT:"C:\Users\wanji\Desktop\test\importpython\x64\Release\importpython.exe" /INCREMENTAL:NO /NOLOGO /LIBPATH:D:\Anaconda3\libs kernel32.lib user32.lib gdi32.lib winspool.lib comdlg32.lib advapi32.lib shell32.lib ole32.lib oleaut32.lib uuid.lib odbc32.lib odbccp32.lib /MANIFEST /ManifestFile:"x64\Release\importpython.exe.intermediate.manifest" /MANIFESTUAC:"level='asInvoker' uiAccess='false'" /DEBUG /PDB:"C:\Users\wanji\Desktop\test\importpython\x64\Release\importpython.pdb" /SUBSYSTEM:CONSOLE /OPT:REF /OPT:ICF /LTCG /TLBID:1 /DYNAMICBASE /NXCOMPAT /IMPLIB:"C:\Users\wanji\Desktop\test\importpython\x64\Release\importpython.lib" /MACHINE:X64 x64\Release\stdafx.obj
         x64\Release\test.obj
         正在生成代码
         已完成代码的生成
         importpython.vcxproj -> C:\Users\wanji\Desktop\test\importpython\x64\Release\importpython.exe
       Manifest:
         C:\Program Files (x86)\Microsoft SDKs\Windows\v7.0A\bin\mt.exe /nologo /verbose /outputresource:"C:\Users\wanji\Desktop\test\importpython\x64\Release\importpython.exe;#1" /manifest x64\Release\importpython.exe.intermediate.manifest
       FinalizeBuildStatus:
         正在删除文件“x64\Release\importpython.unsuccessfulbuild”。
         正在对“x64\Release\importpython.lastbuildstate”执行 Touch 任务。
     1>已完成生成项目“C:\Users\wanji\Desktop\test\importpython\importpython\importpython.vcxproj”(build 个目标)的操作。

生成成功。

已用时间 00:00:02.17
